#
# There is insufficient memory for the Java Runtime Environment to continue.
# Native memory allocation (malloc) failed to allocate 676032 bytes for Chunk::new
# Possible reasons:
#   The system is out of physical RAM or swap space
#   The process is running with CompressedOops enabled, and the Java Heap may be blocking the growth of the native heap
# Possible solutions:
#   Reduce memory load on the system
#   Increase physical memory or swap space
#   Check if swap backing store is full
#   Decrease Java heap size (-Xmx/-Xms)
#   Decrease number of Java threads
#   Decrease Java thread stack sizes (-Xss)
#   Set larger code cache with -XX:ReservedCodeCacheSize=
#   JVM is running with Unscaled Compressed Oops mode in which the Java heap is
#     placed in the first 4GB address space. The Java Heap base address is the
#     maximum limit for the native heap growth. Please use -XX:HeapBaseMinAddress
#     to set the Java Heap base and to place the Java Heap above 4GB virtual address.
# This output file may be truncated or incomplete.
#
#  Out of Memory Error (arena.cpp:189), pid=2572, tid=1324
#
# JRE version: OpenJDK Runtime Environment Temurin-17.0.2+8 (17.0.2+8) (build 17.0.2+8)
# Java VM: OpenJDK 64-Bit Server VM Temurin-17.0.2+8 (17.0.2+8, mixed mode, tiered, compressed oops, compressed class ptrs, parallel gc, windows-amd64)
# No core dump will be written. Minidumps are not enabled by default on client versions of Windows
#

---------------  S U M M A R Y ------------

Command Line: --add-modules=ALL-SYSTEM --add-opens=java.base/java.util=ALL-UNNAMED --add-opens=java.base/java.lang=ALL-UNNAMED --add-opens=java.base/sun.nio.fs=ALL-UNNAMED -Declipse.application=org.eclipse.jdt.ls.core.id1 -Dosgi.bundles.defaultStartLevel=4 -Declipse.product=org.eclipse.jdt.ls.core.product -Djava.import.generatesMetadataFilesAtProjectRoot=false -Dfile.encoding=utf8 -DwatchParentProcess=false -XX:+UseParallelGC -XX:GCTimeRatio=4 -XX:AdaptiveSizePolicyWeight=90 -Dsun.zip.disableMemoryMapping=true -Xmx1G -Xms100m -XX:+HeapDumpOnOutOfMemoryError -XX:HeapDumpPath=c:\Users\ronal\AppData\Roaming\Code\User\workspaceStorage\25419cacc320adb93700075217b1c462\redhat.java c:\Users\ronal\.vscode\extensions\redhat.java-1.5.0-win32-x64\server\plugins\org.eclipse.equinox.launcher_1.6.400.v20210924-0641.jar -configuration c:\Users\ronal\AppData\Roaming\Code\User\globalStorage\redhat.java\1.5.0\config_win -data c:\Users\ronal\AppData\Roaming\Code\User\workspaceStorage\25419cacc320adb93700075217b1c462\redhat.java\jdt_ws

Host: Intel(R) Core(TM) i5-7200U CPU @ 2.50GHz, 4 cores, 7G,  Windows 10 , 64 bit Build 19041 (10.0.19041.1645)
Time: Tue Apr 26 11:30:27 2022 Hora de Verão de GMT elapsed time: 12.047986 seconds (0d 0h 0m 12s)

---------------  T H R E A D  ---------------

Current thread (0x000001f1b9f4a890):  JavaThread "C2 CompilerThread0" daemon [_thread_in_native, id=1324, stack(0x000000964d900000,0x000000964da00000)]


Current CompileTask:
C2:  12048 5166   !   4       org.eclipse.osgi.internal.loader.BundleLoader::findClass0 (461 bytes)

Stack: [0x000000964d900000,0x000000964da00000]
Native frames: (J=compiled Java code, j=interpreted, Vv=VM code, C=native code)
V  [jvm.dll+0x67564a]
V  [jvm.dll+0x82fc04]
V  [jvm.dll+0x8313ae]
V  [jvm.dll+0x831a13]
V  [jvm.dll+0x245235]
V  [jvm.dll+0xabd7b]
V  [jvm.dll+0xac30c]
V  [jvm.dll+0x3631f7]
V  [jvm.dll+0x1bb582]
V  [jvm.dll+0x218229]
V  [jvm.dll+0x2174f1]
V  [jvm.dll+0x1a3a8d]
V  [jvm.dll+0x226ef8]
V  [jvm.dll+0x22503c]
V  [jvm.dll+0x7e596b]
V  [jvm.dll+0x7dff2a]
V  [jvm.dll+0x6744d5]
C  [ucrtbase.dll+0x21bb2]
C  [KERNEL32.DLL+0x17034]
C  [ntdll.dll+0x52651]


---------------  P R O C E S S  ---------------

Threads class SMR info:
_java_thread_list=0x000001f1bd6b16d0, length=29, elements={
0x000001f1a60fa290, 0x000001f1b9f0d760, 0x000001f1b9f0ef00, 0x000001f1b9f3af30,
0x000001f1b9f3b8c0, 0x000001f1b9f43d80, 0x000001f1b9f49450, 0x000001f1b9f4a890,
0x000001f1b9f784b0, 0x000001f1b9f7a9d0, 0x000001f1a61b8ca0, 0x000001f1bbb4cfd0,
0x000001f1bc01bf20, 0x000001f1bc26d4d0, 0x000001f1bc1fd790, 0x000001f1bc366bc0,
0x000001f1bc51a600, 0x000001f1bd678010, 0x000001f1bc391a20, 0x000001f1bc3940a0,
0x000001f1bc391ef0, 0x000001f1bc393700, 0x000001f1bc3923c0, 0x000001f1bf6ff750,
0x000001f1bc392d60, 0x000001f1bc392890, 0x000001f1bc394a40, 0x000001f1bc391080,
0x000001f1bc393230
}

Java Threads: ( => current thread )
  0x000001f1a60fa290 JavaThread "main" [_thread_blocked, id=16748, stack(0x000000964d000000,0x000000964d100000)]
  0x000001f1b9f0d760 JavaThread "Reference Handler" daemon [_thread_blocked, id=4052, stack(0x000000964d300000,0x000000964d400000)]
  0x000001f1b9f0ef00 JavaThread "Finalizer" daemon [_thread_blocked, id=1000, stack(0x000000964d400000,0x000000964d500000)]
  0x000001f1b9f3af30 JavaThread "Signal Dispatcher" daemon [_thread_blocked, id=1152, stack(0x000000964d500000,0x000000964d600000)]
  0x000001f1b9f3b8c0 JavaThread "Attach Listener" daemon [_thread_blocked, id=14304, stack(0x000000964d600000,0x000000964d700000)]
  0x000001f1b9f43d80 JavaThread "Service Thread" daemon [_thread_blocked, id=2064, stack(0x000000964d700000,0x000000964d800000)]
  0x000001f1b9f49450 JavaThread "Monitor Deflation Thread" daemon [_thread_blocked, id=18236, stack(0x000000964d800000,0x000000964d900000)]
=>0x000001f1b9f4a890 JavaThread "C2 CompilerThread0" daemon [_thread_in_native, id=1324, stack(0x000000964d900000,0x000000964da00000)]
  0x000001f1b9f784b0 JavaThread "C1 CompilerThread0" daemon [_thread_blocked, id=10916, stack(0x000000964da00000,0x000000964db00000)]
  0x000001f1b9f7a9d0 JavaThread "Sweeper thread" daemon [_thread_blocked, id=6132, stack(0x000000964db00000,0x000000964dc00000)]
  0x000001f1a61b8ca0 JavaThread "Common-Cleaner" daemon [_thread_blocked, id=3884, stack(0x000000964dc00000,0x000000964dd00000)]
  0x000001f1bbb4cfd0 JavaThread "Notification Thread" daemon [_thread_blocked, id=17396, stack(0x000000964dd00000,0x000000964de00000)]
  0x000001f1bc01bf20 JavaThread "Active Thread: Equinox Container: 6fcc4521-1d2d-4a0b-92ad-716b150ee828" [_thread_blocked, id=19148, stack(0x000000964e000000,0x000000964e100000)]
  0x000001f1bc26d4d0 JavaThread "Framework Event Dispatcher: Equinox Container: 6fcc4521-1d2d-4a0b-92ad-716b150ee828" daemon [_thread_blocked, id=3480, stack(0x000000964e300000,0x000000964e400000)]
  0x000001f1bc1fd790 JavaThread "Start Level: Equinox Container: 6fcc4521-1d2d-4a0b-92ad-716b150ee828" daemon [_thread_blocked, id=16232, stack(0x000000964e400000,0x000000964e500000)]
  0x000001f1bc366bc0 JavaThread "SCR Component Actor" daemon [_thread_blocked, id=3388, stack(0x000000964e500000,0x000000964e600000)]
  0x000001f1bc51a600 JavaThread "Bundle File Closer" daemon [_thread_blocked, id=952, stack(0x000000964e800000,0x000000964e900000)]
  0x000001f1bd678010 JavaThread "Worker-JM" [_thread_blocked, id=3344, stack(0x000000964e700000,0x000000964e800000)]
  0x000001f1bc391a20 JavaThread "Worker-0" [_thread_blocked, id=16240, stack(0x000000964e900000,0x000000964ea00000)]
  0x000001f1bc3940a0 JavaThread "Worker-1" [_thread_blocked, id=3964, stack(0x000000964ea00000,0x000000964eb00000)]
  0x000001f1bc391ef0 JavaThread "Java indexing" daemon [_thread_blocked, id=11864, stack(0x000000964eb00000,0x000000964ec00000)]
  0x000001f1bc393700 JavaThread "pool-2-thread-1" [_thread_in_native, id=3200, stack(0x000000964ec00000,0x000000964ed00000)]
  0x000001f1bc3923c0 JavaThread "Worker-2" [_thread_blocked, id=14932, stack(0x000000964ed00000,0x000000964ee00000)]
  0x000001f1bf6ff750 JavaThread "C2 CompilerThread1" daemon [_thread_in_native, id=16940, stack(0x000000964ee00000,0x000000964ef00000)]
  0x000001f1bc392d60 JavaThread "Worker-3" [_thread_blocked, id=4848, stack(0x000000964ef00000,0x000000964f000000)]
  0x000001f1bc392890 JavaThread "Worker-4" [_thread_blocked, id=1096, stack(0x000000964e600000,0x000000964e700000)]
  0x000001f1bc394a40 JavaThread "ForkJoinPool.commonPool-worker-1" daemon [_thread_blocked, id=10624, stack(0x000000964f000000,0x000000964f100000)]
  0x000001f1bc391080 JavaThread "ForkJoinPool.commonPool-worker-2" daemon [_thread_blocked, id=5888, stack(0x000000964f100000,0x000000964f200000)]
  0x000001f1bc393230 JavaThread "ForkJoinPool.commonPool-worker-3" daemon [_thread_blocked, id=8900, stack(0x000000964f200000,0x000000964f300000)]

Other Threads:
  0x000001f1b9e13340 VMThread "VM Thread" [stack: 0x000000964d200000,0x000000964d300000] [id=4836]
  0x000001f1bbb6e720 WatcherThread [stack: 0x000000964de00000,0x000000964df00000] [id=10056]
  0x000001f1a6110a30 GCTaskThread "GC Thread#0" [stack: 0x000000964d100000,0x000000964d200000] [id=5408]
  0x000001f1bbcf3530 GCTaskThread "GC Thread#1" [stack: 0x000000964df00000,0x000000964e000000] [id=1072]
  0x000001f1bc26cb00 GCTaskThread "GC Thread#2" [stack: 0x000000964e100000,0x000000964e200000] [id=1524]
  0x000001f1bc26cdb0 GCTaskThread "GC Thread#3" [stack: 0x000000964e200000,0x000000964e300000] [id=12504]

Threads with active compile tasks:
C2 CompilerThread0    12107 5166   !   4       org.eclipse.osgi.internal.loader.BundleLoader::findClass0 (461 bytes)
C2 CompilerThread1    12107 5309       4       org.eclipse.osgi.internal.hooks.EclipseLazyStarter::preFindLocalClass (120 bytes)

VM state: not at safepoint (normal execution)

VM Mutex/Monitor currently owned by a thread: None

Heap address: 0x00000000c0000000, size: 1024 MB, Compressed Oops mode: 32-bit

CDS archive(s) not mapped
Compressed class space mapped at: 0x0000000100000000-0x0000000140000000, reserved size: 1073741824
Narrow klass base: 0x0000000000000000, Narrow klass shift: 3, Narrow klass range: 0x140000000

GC Precious Log:
 CPUs: 4 total, 4 available
 Memory: 8077M
 Large Page Support: Disabled
 NUMA Support: Disabled
 Compressed Oops: Enabled (32-bit)
 Alignments: Space 512K, Generation 512K, Heap 2M
 Heap Min Capacity: 100M
 Heap Initial Capacity: 100M
 Heap Max Capacity: 1G
 Pre-touch: Disabled
 Parallel Workers: 4

Heap:
 PSYoungGen      total 23552K, used 15287K [0x00000000eab00000, 0x00000000ec700000, 0x0000000100000000)
  eden space 22016K, 63% used [0x00000000eab00000,0x00000000eb89dac0,0x00000000ec080000)
  from space 1536K, 87% used [0x00000000ec580000,0x00000000ec6d0418,0x00000000ec700000)
  to   space 2560K, 0% used [0x00000000ec200000,0x00000000ec200000,0x00000000ec480000)
 ParOldGen       total 68608K, used 29404K [0x00000000c0000000, 0x00000000c4300000, 0x00000000eab00000)
  object space 68608K, 42% used [0x00000000c0000000,0x00000000c1cb7040,0x00000000c4300000)
 Metaspace       used 54496K, committed 55296K, reserved 1105920K
  class space    used 5879K, committed 6208K, reserved 1048576K

Card table byte_map: [0x000001f1a5ab0000,0x000001f1a5cc0000] _byte_map_base: 0x000001f1a54b0000

Marking Bits: (ParMarkBitMap*) 0x00007ff97c9e3af0
 Begin Bits: [0x000001f1b7d80000, 0x000001f1b8d80000)
 End Bits:   [0x000001f1b8d80000, 0x000001f1b9d80000)

Polling page: 0x000001f1a40e0000

Metaspace:

Usage:
  Non-class:     47.48 MB used.
      Class:      5.74 MB used.
       Both:     53.22 MB used.

Virtual space:
  Non-class space:       56.00 MB reserved,      47.94 MB ( 86%) committed,  7 nodes.
      Class space:        1.00 GB reserved,       6.06 MB ( <1%) committed,  1 nodes.
             Both:        1.05 GB reserved,      54.00 MB (  5%) committed. 

Chunk freelists:
   Non-Class:  3.27 MB
       Class:  1.76 MB
        Both:  5.03 MB

MaxMetaspaceSize: unlimited
CompressedClassSpaceSize: 1.00 GB
Initial GC threshold: 21.00 MB
Current GC threshold: 58.38 MB
CDS: off
MetaspaceReclaimPolicy: balanced
 - commit_granule_bytes: 65536.
 - commit_granule_words: 8192.
 - virtual_space_node_default_size: 1048576.
 - enlarge_chunks_in_place: 1.
 - new_chunks_are_fully_committed: 0.
 - uncommit_free_chunks: 1.
 - use_allocation_guard: 0.
 - handle_deallocations: 1.


Internal statistics:

num_allocs_failed_limit: 6.
num_arena_births: 332.
num_arena_deaths: 0.
num_vsnodes_births: 8.
num_vsnodes_deaths: 0.
num_space_committed: 864.
num_space_uncommitted: 0.
num_chunks_returned_to_freelist: 6.
num_chunks_taken_from_freelist: 2264.
num_chunk_merges: 6.
num_chunk_splits: 1518.
num_chunks_enlarged: 1033.
num_purges: 0.
num_inconsistent_stats: 0.

CodeHeap 'non-profiled nmethods': size=120000Kb used=2259Kb max_used=2652Kb free=117740Kb
 bounds [0x000001f1b0850000, 0x000001f1b0b10000, 0x000001f1b7d80000]
CodeHeap 'profiled nmethods': size=120000Kb used=8874Kb max_used=10799Kb free=111125Kb
 bounds [0x000001f1a9320000, 0x000001f1a9db0000, 0x000001f1b0850000]
CodeHeap 'non-nmethods': size=5760Kb used=1305Kb max_used=1444Kb free=4454Kb
 bounds [0x000001f1a8d80000, 0x000001f1a8ff0000, 0x000001f1a9320000]
 total_blobs=5109 nmethods=4466 adapters=555
 compilation: enabled
              stopped_count=0, restarted_count=0
 full_count=0

Compilation events (20 events):
Event: 11.990 Thread 0x000001f1b9f784b0 nmethod 5304 0x000001f1a95eaf90 code [0x000001f1a95eb1a0, 0x000001f1a95eb7e8]
Event: 11.992 Thread 0x000001f1b9f784b0 5305       3       java.lang.String::getBytes (25 bytes)
Event: 11.992 Thread 0x000001f1b9f784b0 nmethod 5305 0x000001f1a99fdb90 code [0x000001f1a99fdd60, 0x000001f1a99fe038]
Event: 11.992 Thread 0x000001f1b9f784b0 5306       3       com.google.gson.internal.bind.TypeAdapterRuntimeTypeWrapper::write (81 bytes)
Event: 11.993 Thread 0x000001f1b9f784b0 nmethod 5306 0x000001f1a9925090 code [0x000001f1a99252a0, 0x000001f1a9925c08]
Event: 11.993 Thread 0x000001f1b9f784b0 5307       3       com.google.gson.internal.bind.TypeAdapterRuntimeTypeWrapper::getRuntimeTypeIfMoreSpecific (31 bytes)
Event: 11.993 Thread 0x000001f1b9f784b0 nmethod 5307 0x000001f1a9a3b910 code [0x000001f1a9a3bac0, 0x000001f1a9a3bed8]
Event: 12.028 Thread 0x000001f1bf6ff750 5308   !   4       org.eclipse.osgi.internal.hooks.EclipseLazyStarter::postFindLocalClass (394 bytes)
Event: 12.030 Thread 0x000001f1b9f784b0 5310       3       org.eclipse.core.internal.runtime.Log::isLoggable (32 bytes)
Event: 12.030 Thread 0x000001f1b9f784b0 nmethod 5310 0x000001f1a9b8ca90 code [0x000001f1a9b8cc60, 0x000001f1a9b8cfe8]
Event: 12.032 Thread 0x000001f1b9f784b0 5311       3       com.google.gson.internal.bind.TypeAdapters$15::write (10 bytes)
Event: 12.032 Thread 0x000001f1b9f784b0 nmethod 5311 0x000001f1a9758a90 code [0x000001f1a9758ca0, 0x000001f1a97592a8]
Event: 12.032 Thread 0x000001f1b9f784b0 5312       3       com.google.gson.internal.bind.TypeAdapters$15::write (7 bytes)
Event: 12.033 Thread 0x000001f1b9f784b0 nmethod 5312 0x000001f1a9798710 code [0x000001f1a9798900, 0x000001f1a9798da8]
Event: 12.033 Thread 0x000001f1b9f784b0 5313       3       jdk.internal.org.objectweb.asm.MethodVisitor::visitFieldInsn (20 bytes)
Event: 12.033 Thread 0x000001f1b9f784b0 nmethod 5313 0x000001f1a99df610 code [0x000001f1a99df7c0, 0x000001f1a99df9c8]
Event: 12.033 Thread 0x000001f1b9f784b0 5314       3       java.util.stream.ReferencePipeline$2::opWrapSink (10 bytes)
Event: 12.034 Thread 0x000001f1b9f784b0 nmethod 5314 0x000001f1a9b3ca10 code [0x000001f1a9b3cbe0, 0x000001f1a9b3d108]
Event: 12.034 Thread 0x000001f1b9f784b0 5316       3       com.google.gson.stream.JsonWriter::push (47 bytes)
Event: 12.035 Thread 0x000001f1b9f784b0 nmethod 5316 0x000001f1a9ab8710 code [0x000001f1a9ab88c0, 0x000001f1a9ab8aa8]

GC Heap History (20 events):
Event: 6.123 GC heap before
{Heap before GC invocations=7 (full 2):
 PSYoungGen      total 29696K, used 3828K [0x00000000eab00000, 0x00000000ecd00000, 0x0000000100000000)
  eden space 25600K, 0% used [0x00000000eab00000,0x00000000eab00000,0x00000000ec400000)
  from space 4096K, 93% used [0x00000000ec400000,0x00000000ec7bd250,0x00000000ec800000)
  to   space 4608K, 0% used [0x00000000ec880000,0x00000000ec880000,0x00000000ecd00000)
 ParOldGen       total 68608K, used 9671K [0x00000000c0000000, 0x00000000c4300000, 0x00000000eab00000)
  object space 68608K, 14% used [0x00000000c0000000,0x00000000c0971ca0,0x00000000c4300000)
 Metaspace       used 35200K, committed 35840K, reserved 1081344K
  class space    used 3722K, committed 4032K, reserved 1048576K
}
Event: 6.153 GC heap after
{Heap after GC invocations=7 (full 2):
 PSYoungGen      total 29696K, used 0K [0x00000000eab00000, 0x00000000ecd00000, 0x0000000100000000)
  eden space 25600K, 0% used [0x00000000eab00000,0x00000000eab00000,0x00000000ec400000)
  from space 4096K, 0% used [0x00000000ec400000,0x00000000ec400000,0x00000000ec800000)
  to   space 4608K, 0% used [0x00000000ec880000,0x00000000ec880000,0x00000000ecd00000)
 ParOldGen       total 68608K, used 12271K [0x00000000c0000000, 0x00000000c4300000, 0x00000000eab00000)
  object space 68608K, 17% used [0x00000000c0000000,0x00000000c0bfbcf0,0x00000000c4300000)
 Metaspace       used 35200K, committed 35840K, reserved 1081344K
  class space    used 3722K, committed 4032K, reserved 1048576K
}
Event: 7.426 GC heap before
{Heap before GC invocations=8 (full 2):
 PSYoungGen      total 29696K, used 25600K [0x00000000eab00000, 0x00000000ecd00000, 0x0000000100000000)
  eden space 25600K, 100% used [0x00000000eab00000,0x00000000ec400000,0x00000000ec400000)
  from space 4096K, 0% used [0x00000000ec400000,0x00000000ec400000,0x00000000ec800000)
  to   space 4608K, 0% used [0x00000000ec880000,0x00000000ec880000,0x00000000ecd00000)
 ParOldGen       total 68608K, used 12271K [0x00000000c0000000, 0x00000000c4300000, 0x00000000eab00000)
  object space 68608K, 17% used [0x00000000c0000000,0x00000000c0bfbcf0,0x00000000c4300000)
 Metaspace       used 39189K, committed 39936K, reserved 1089536K
  class space    used 4216K, committed 4544K, reserved 1048576K
}
Event: 7.429 GC heap after
{Heap after GC invocations=8 (full 2):
 PSYoungGen      total 27648K, used 2395K [0x00000000eab00000, 0x00000000ecb00000, 0x0000000100000000)
  eden space 25088K, 0% used [0x00000000eab00000,0x00000000eab00000,0x00000000ec380000)
  from space 2560K, 93% used [0x00000000ec880000,0x00000000ecad6e10,0x00000000ecb00000)
  to   space 3072K, 0% used [0x00000000ec500000,0x00000000ec500000,0x00000000ec800000)
 ParOldGen       total 68608K, used 12279K [0x00000000c0000000, 0x00000000c4300000, 0x00000000eab00000)
  object space 68608K, 17% used [0x00000000c0000000,0x00000000c0bfdcf0,0x00000000c4300000)
 Metaspace       used 39189K, committed 39936K, reserved 1089536K
  class space    used 4216K, committed 4544K, reserved 1048576K
}
Event: 7.973 GC heap before
{Heap before GC invocations=9 (full 2):
 PSYoungGen      total 27648K, used 27483K [0x00000000eab00000, 0x00000000ecb00000, 0x0000000100000000)
  eden space 25088K, 100% used [0x00000000eab00000,0x00000000ec380000,0x00000000ec380000)
  from space 2560K, 93% used [0x00000000ec880000,0x00000000ecad6e10,0x00000000ecb00000)
  to   space 3072K, 0% used [0x00000000ec500000,0x00000000ec500000,0x00000000ec800000)
 ParOldGen       total 68608K, used 12279K [0x00000000c0000000, 0x00000000c4300000, 0x00000000eab00000)
  object space 68608K, 17% used [0x00000000c0000000,0x00000000c0bfdcf0,0x00000000c4300000)
 Metaspace       used 40870K, committed 41536K, reserved 1089536K
  class space    used 4420K, committed 4736K, reserved 1048576K
}
Event: 7.981 GC heap after
{Heap after GC invocations=9 (full 2):
 PSYoungGen      total 27648K, used 3067K [0x00000000eab00000, 0x00000000ecc00000, 0x0000000100000000)
  eden space 24576K, 0% used [0x00000000eab00000,0x00000000eab00000,0x00000000ec300000)
  from space 3072K, 99% used [0x00000000ec500000,0x00000000ec7fee10,0x00000000ec800000)
  to   space 4096K, 0% used [0x00000000ec800000,0x00000000ec800000,0x00000000ecc00000)
 ParOldGen       total 68608K, used 13311K [0x00000000c0000000, 0x00000000c4300000, 0x00000000eab00000)
  object space 68608K, 19% used [0x00000000c0000000,0x00000000c0cffcf0,0x00000000c4300000)
 Metaspace       used 40870K, committed 41536K, reserved 1089536K
  class space    used 4420K, committed 4736K, reserved 1048576K
}
Event: 8.230 GC heap before
{Heap before GC invocations=10 (full 2):
 PSYoungGen      total 27648K, used 27643K [0x00000000eab00000, 0x00000000ecc00000, 0x0000000100000000)
  eden space 24576K, 100% used [0x00000000eab00000,0x00000000ec300000,0x00000000ec300000)
  from space 3072K, 99% used [0x00000000ec500000,0x00000000ec7fee10,0x00000000ec800000)
  to   space 4096K, 0% used [0x00000000ec800000,0x00000000ec800000,0x00000000ecc00000)
 ParOldGen       total 68608K, used 13311K [0x00000000c0000000, 0x00000000c4300000, 0x00000000eab00000)
  object space 68608K, 19% used [0x00000000c0000000,0x00000000c0cffd08,0x00000000c4300000)
 Metaspace       used 41904K, committed 42560K, reserved 1089536K
  class space    used 4552K, committed 4864K, reserved 1048576K
}
Event: 8.235 GC heap after
{Heap after GC invocations=10 (full 2):
 PSYoungGen      total 28160K, used 4075K [0x00000000eab00000, 0x00000000ece00000, 0x0000000100000000)
  eden space 24064K, 0% used [0x00000000eab00000,0x00000000eab00000,0x00000000ec280000)
  from space 4096K, 99% used [0x00000000ec800000,0x00000000ecbfae10,0x00000000ecc00000)
  to   space 5632K, 0% used [0x00000000ec280000,0x00000000ec280000,0x00000000ec800000)
 ParOldGen       total 68608K, used 14252K [0x00000000c0000000, 0x00000000c4300000, 0x00000000eab00000)
  object space 68608K, 20% used [0x00000000c0000000,0x00000000c0deb3a0,0x00000000c4300000)
 Metaspace       used 41904K, committed 42560K, reserved 1089536K
  class space    used 4552K, committed 4864K, reserved 1048576K
}
Event: 8.540 GC heap before
{Heap before GC invocations=11 (full 2):
 PSYoungGen      total 28160K, used 28139K [0x00000000eab00000, 0x00000000ece00000, 0x0000000100000000)
  eden space 24064K, 100% used [0x00000000eab00000,0x00000000ec280000,0x00000000ec280000)
  from space 4096K, 99% used [0x00000000ec800000,0x00000000ecbfae10,0x00000000ecc00000)
  to   space 5632K, 0% used [0x00000000ec280000,0x00000000ec280000,0x00000000ec800000)
 ParOldGen       total 68608K, used 14256K [0x00000000c0000000, 0x00000000c4300000, 0x00000000eab00000)
  object space 68608K, 20% used [0x00000000c0000000,0x00000000c0dec118,0x00000000c4300000)
 Metaspace       used 42801K, committed 43520K, reserved 1089536K
  class space    used 4654K, committed 4992K, reserved 1048576K
}
Event: 8.547 GC heap after
{Heap after GC invocations=11 (full 2):
 PSYoungGen      total 29184K, used 5152K [0x00000000eab00000, 0x00000000ecd00000, 0x0000000100000000)
  eden space 23552K, 0% used [0x00000000eab00000,0x00000000eab00000,0x00000000ec200000)
  from space 5632K, 91% used [0x00000000ec280000,0x00000000ec788020,0x00000000ec800000)
  to   space 5120K, 0% used [0x00000000ec800000,0x00000000ec800000,0x00000000ecd00000)
 ParOldGen       total 68608K, used 15652K [0x00000000c0000000, 0x00000000c4300000, 0x00000000eab00000)
  object space 68608K, 22% used [0x00000000c0000000,0x00000000c0f493f8,0x00000000c4300000)
 Metaspace       used 42801K, committed 43520K, reserved 1089536K
  class space    used 4654K, committed 4992K, reserved 1048576K
}
Event: 8.771 GC heap before
{Heap before GC invocations=12 (full 2):
 PSYoungGen      total 29184K, used 28704K [0x00000000eab00000, 0x00000000ecd00000, 0x0000000100000000)
  eden space 23552K, 100% used [0x00000000eab00000,0x00000000ec200000,0x00000000ec200000)
  from space 5632K, 91% used [0x00000000ec280000,0x00000000ec788020,0x00000000ec800000)
  to   space 5120K, 0% used [0x00000000ec800000,0x00000000ec800000,0x00000000ecd00000)
 ParOldGen       total 68608K, used 15652K [0x00000000c0000000, 0x00000000c4300000, 0x00000000eab00000)
  object space 68608K, 22% used [0x00000000c0000000,0x00000000c0f493f8,0x00000000c4300000)
 Metaspace       used 43211K, committed 43904K, reserved 1089536K
  class space    used 4715K, committed 5056K, reserved 1048576K
}
Event: 8.778 GC heap after
{Heap after GC invocations=12 (full 2):
 PSYoungGen      total 27648K, used 4576K [0x00000000eab00000, 0x00000000ecc80000, 0x0000000100000000)
  eden space 23040K, 0% used [0x00000000eab00000,0x00000000eab00000,0x00000000ec180000)
  from space 4608K, 99% used [0x00000000ec800000,0x00000000ecc78020,0x00000000ecc80000)
  to   space 5120K, 0% used [0x00000000ec280000,0x00000000ec280000,0x00000000ec780000)
 ParOldGen       total 68608K, used 18297K [0x00000000c0000000, 0x00000000c4300000, 0x00000000eab00000)
  object space 68608K, 26% used [0x00000000c0000000,0x00000000c11de428,0x00000000c4300000)
 Metaspace       used 43211K, committed 43904K, reserved 1089536K
  class space    used 4715K, committed 5056K, reserved 1048576K
}
Event: 8.869 GC heap before
{Heap before GC invocations=13 (full 2):
 PSYoungGen      total 27648K, used 27616K [0x00000000eab00000, 0x00000000ecc80000, 0x0000000100000000)
  eden space 23040K, 100% used [0x00000000eab00000,0x00000000ec180000,0x00000000ec180000)
  from space 4608K, 99% used [0x00000000ec800000,0x00000000ecc78020,0x00000000ecc80000)
  to   space 5120K, 0% used [0x00000000ec280000,0x00000000ec280000,0x00000000ec780000)
 ParOldGen       total 68608K, used 18297K [0x00000000c0000000, 0x00000000c4300000, 0x00000000eab00000)
  object space 68608K, 26% used [0x00000000c0000000,0x00000000c11de428,0x00000000c4300000)
 Metaspace       used 43398K, committed 44096K, reserved 1089536K
  class space    used 4739K, committed 5056K, reserved 1048576K
}
Event: 8.877 GC heap after
{Heap after GC invocations=13 (full 2):
 PSYoungGen      total 25088K, used 2336K [0x00000000eab00000, 0x00000000ec880000, 0x0000000100000000)
  eden space 22528K, 0% used [0x00000000eab00000,0x00000000eab00000,0x00000000ec100000)
  from space 2560K, 91% used [0x00000000ec280000,0x00000000ec4c8010,0x00000000ec500000)
  to   space 3584K, 0% used [0x00000000ec500000,0x00000000ec500000,0x00000000ec880000)
 ParOldGen       total 68608K, used 22676K [0x00000000c0000000, 0x00000000c4300000, 0x00000000eab00000)
  object space 68608K, 33% used [0x00000000c0000000,0x00000000c1625238,0x00000000c4300000)
 Metaspace       used 43398K, committed 44096K, reserved 1089536K
  class space    used 4739K, committed 5056K, reserved 1048576K
}
Event: 8.961 GC heap before
{Heap before GC invocations=14 (full 2):
 PSYoungGen      total 25088K, used 24864K [0x00000000eab00000, 0x00000000ec880000, 0x0000000100000000)
  eden space 22528K, 100% used [0x00000000eab00000,0x00000000ec100000,0x00000000ec100000)
  from space 2560K, 91% used [0x00000000ec280000,0x00000000ec4c8010,0x00000000ec500000)
  to   space 3584K, 0% used [0x00000000ec500000,0x00000000ec500000,0x00000000ec880000)
 ParOldGen       total 68608K, used 22676K [0x00000000c0000000, 0x00000000c4300000, 0x00000000eab00000)
  object space 68608K, 33% used [0x00000000c0000000,0x00000000c1625238,0x00000000c4300000)
 Metaspace       used 43698K, committed 44416K, reserved 1089536K
  class space    used 4785K, committed 5120K, reserved 1048576K
}
Event: 8.966 GC heap after
{Heap after GC invocations=14 (full 2):
 PSYoungGen      total 24064K, used 1856K [0x00000000eab00000, 0x00000000ec700000, 0x0000000100000000)
  eden space 22016K, 0% used [0x00000000eab00000,0x00000000eab00000,0x00000000ec080000)
  from space 2048K, 90% used [0x00000000ec500000,0x00000000ec6d0000,0x00000000ec700000)
  to   space 2560K, 0% used [0x00000000ec200000,0x00000000ec200000,0x00000000ec480000)
 ParOldGen       total 68608K, used 24948K [0x00000000c0000000, 0x00000000c4300000, 0x00000000eab00000)
  object space 68608K, 36% used [0x00000000c0000000,0x00000000c185d248,0x00000000c4300000)
 Metaspace       used 43698K, committed 44416K, reserved 1089536K
  class space    used 4785K, committed 5120K, reserved 1048576K
}
Event: 10.172 GC heap before
{Heap before GC invocations=15 (full 2):
 PSYoungGen      total 24064K, used 23872K [0x00000000eab00000, 0x00000000ec700000, 0x0000000100000000)
  eden space 22016K, 100% used [0x00000000eab00000,0x00000000ec080000,0x00000000ec080000)
  from space 2048K, 90% used [0x00000000ec500000,0x00000000ec6d0000,0x00000000ec700000)
  to   space 2560K, 0% used [0x00000000ec200000,0x00000000ec200000,0x00000000ec480000)
 ParOldGen       total 68608K, used 24948K [0x00000000c0000000, 0x00000000c4300000, 0x00000000eab00000)
  object space 68608K, 36% used [0x00000000c0000000,0x00000000c185d248,0x00000000c4300000)
 Metaspace       used 46032K, committed 46784K, reserved 1097728K
  class space    used 5017K, committed 5376K, reserved 1048576K
}
Event: 10.184 GC heap after
{Heap after GC invocations=15 (full 2):
 PSYoungGen      total 24576K, used 2553K [0x00000000eab00000, 0x00000000eca80000, 0x0000000100000000)
  eden space 22016K, 0% used [0x00000000eab00000,0x00000000eab00000,0x00000000ec080000)
  from space 2560K, 99% used [0x00000000ec200000,0x00000000ec47e470,0x00000000ec480000)
  to   space 5120K, 0% used [0x00000000ec580000,0x00000000ec580000,0x00000000eca80000)
 ParOldGen       total 68608K, used 26958K [0x00000000c0000000, 0x00000000c4300000, 0x00000000eab00000)
  object space 68608K, 39% used [0x00000000c0000000,0x00000000c1a53ae8,0x00000000c4300000)
 Metaspace       used 46032K, committed 46784K, reserved 1097728K
  class space    used 5017K, committed 5376K, reserved 1048576K
}
Event: 10.935 GC heap before
{Heap before GC invocations=16 (full 2):
 PSYoungGen      total 24576K, used 24569K [0x00000000eab00000, 0x00000000eca80000, 0x0000000100000000)
  eden space 22016K, 100% used [0x00000000eab00000,0x00000000ec080000,0x00000000ec080000)
  from space 2560K, 99% used [0x00000000ec200000,0x00000000ec47e470,0x00000000ec480000)
  to   space 5120K, 0% used [0x00000000ec580000,0x00000000ec580000,0x00000000eca80000)
 ParOldGen       total 68608K, used 26958K [0x00000000c0000000, 0x00000000c4300000, 0x00000000eab00000)
  object space 68608K, 39% used [0x00000000c0000000,0x00000000c1a53ae8,0x00000000c4300000)
 Metaspace       used 50183K, committed 50880K, reserved 1097728K
  class space    used 5425K, committed 5760K, reserved 1048576K
}
Event: 10.941 GC heap after
{Heap after GC invocations=16 (full 2):
 PSYoungGen      total 23552K, used 1345K [0x00000000eab00000, 0x00000000ec700000, 0x0000000100000000)
  eden space 22016K, 0% used [0x00000000eab00000,0x00000000eab00000,0x00000000ec080000)
  from space 1536K, 87% used [0x00000000ec580000,0x00000000ec6d0418,0x00000000ec700000)
  to   space 2560K, 0% used [0x00000000ec200000,0x00000000ec200000,0x00000000ec480000)
 ParOldGen       total 68608K, used 29404K [0x00000000c0000000, 0x00000000c4300000, 0x00000000eab00000)
  object space 68608K, 42% used [0x00000000c0000000,0x00000000c1cb7040,0x00000000c4300000)
 Metaspace       used 50183K, committed 50880K, reserved 1097728K
  class space    used 5425K, committed 5760K, reserved 1048576K
}

Deoptimization events (20 events):
Event: 11.930 Thread 0x000001f1bc3923c0 Uncommon trap: trap_request=0xffffffde fr.pc=0x000001f1b08a8da4 relative=0x00000000000006a4
Event: 11.930 Thread 0x000001f1bc3923c0 Uncommon trap: reason=class_check action=maybe_recompile pc=0x000001f1b08a8da4 method=java.util.HashMap.computeIfAbsent(Ljava/lang/Object;Ljava/util/function/Function;)Ljava/lang/Object; @ 188 c2
Event: 11.930 Thread 0x000001f1bc3923c0 DEOPT PACKING pc=0x000001f1b08a8da4 sp=0x000000964edfe940
Event: 11.930 Thread 0x000001f1bc3923c0 DEOPT UNPACKING pc=0x000001f1a8dd20a3 sp=0x000000964edfe8e8 mode 2
Event: 12.033 Thread 0x000001f1bc3923c0 Uncommon trap: trap_request=0xffffffde fr.pc=0x000001f1b0a1af30 relative=0x00000000000001f0
Event: 12.033 Thread 0x000001f1bc3923c0 Uncommon trap: reason=class_check action=maybe_recompile pc=0x000001f1b0a1af30 method=java.util.ArrayList$ArrayListSpliterator.tryAdvance(Ljava/util/function/Consumer;)Z @ 48 c2
Event: 12.033 Thread 0x000001f1bc3923c0 DEOPT PACKING pc=0x000001f1b0a1af30 sp=0x000000964edfea40
Event: 12.033 Thread 0x000001f1bc3923c0 DEOPT UNPACKING pc=0x000001f1a8dd20a3 sp=0x000000964edfe9d0 mode 2
Event: 12.033 Thread 0x000001f1bc3923c0 Uncommon trap: trap_request=0xffffffde fr.pc=0x000001f1b0a1af30 relative=0x00000000000001f0
Event: 12.033 Thread 0x000001f1bc3923c0 Uncommon trap: reason=class_check action=maybe_recompile pc=0x000001f1b0a1af30 method=java.util.ArrayList$ArrayListSpliterator.tryAdvance(Ljava/util/function/Consumer;)Z @ 48 c2
Event: 12.033 Thread 0x000001f1bc3923c0 DEOPT PACKING pc=0x000001f1b0a1af30 sp=0x000000964edfea40
Event: 12.033 Thread 0x000001f1bc3923c0 DEOPT UNPACKING pc=0x000001f1a8dd20a3 sp=0x000000964edfe9d0 mode 2
Event: 12.033 Thread 0x000001f1bc3923c0 Uncommon trap: trap_request=0xffffffde fr.pc=0x000001f1b0a1af30 relative=0x00000000000001f0
Event: 12.033 Thread 0x000001f1bc3923c0 Uncommon trap: reason=class_check action=maybe_recompile pc=0x000001f1b0a1af30 method=java.util.ArrayList$ArrayListSpliterator.tryAdvance(Ljava/util/function/Consumer;)Z @ 48 c2
Event: 12.033 Thread 0x000001f1bc3923c0 DEOPT PACKING pc=0x000001f1b0a1af30 sp=0x000000964edfea40
Event: 12.033 Thread 0x000001f1bc3923c0 DEOPT UNPACKING pc=0x000001f1a8dd20a3 sp=0x000000964edfe9d0 mode 2
Event: 12.034 Thread 0x000001f1bc3923c0 Uncommon trap: trap_request=0xffffffde fr.pc=0x000001f1b0a1af30 relative=0x00000000000001f0
Event: 12.034 Thread 0x000001f1bc3923c0 Uncommon trap: reason=class_check action=maybe_recompile pc=0x000001f1b0a1af30 method=java.util.ArrayList$ArrayListSpliterator.tryAdvance(Ljava/util/function/Consumer;)Z @ 48 c2
Event: 12.034 Thread 0x000001f1bc3923c0 DEOPT PACKING pc=0x000001f1b0a1af30 sp=0x000000964edfea40
Event: 12.034 Thread 0x000001f1bc3923c0 DEOPT UNPACKING pc=0x000001f1a8dd20a3 sp=0x000000964edfe9d0 mode 2

Classes unloaded (0 events):
No events

Classes redefined (0 events):
No events

Internal exceptions (20 events):
Event: 10.494 Thread 0x000001f1bc392d60 Exception <a 'java/lang/NoSuchMethodError'{0x00000000ebd2df30}: 'java.lang.Object java.lang.invoke.DirectMethodHandle$Holder.newInvokeSpecial(java.lang.Object, java.lang.Object, java.lang.Object, int)'> (0x00000000ebd2df30) 
thrown [e:\jenkins\tmp\workspace\build\src\src\hotspot\share\interpreter\linkResolver.cpp, line 766]
Event: 10.495 Thread 0x000001f1bc392d60 Exception <a 'java/lang/NoSuchMethodError'{0x00000000ebd32590}: 'java.lang.Object java.lang.invoke.DirectMethodHandle$Holder.invokeSpecial(java.lang.Object, java.lang.Object, java.lang.Object, java.lang.Object, int)'> (0x00000000ebd32590) 
thrown [e:\jenkins\tmp\workspace\build\src\src\hotspot\share\interpreter\linkResolver.cpp, line 766]
Event: 10.495 Thread 0x000001f1bc392d60 Exception <a 'java/lang/NoSuchMethodError'{0x00000000ebd36158}: 'java.lang.Object java.lang.invoke.Invokers$Holder.linkToTargetMethod(java.lang.Object, java.lang.Object, int, java.lang.Object)'> (0x00000000ebd36158) 
thrown [e:\jenkins\tmp\workspace\build\src\src\hotspot\share\interpreter\linkResolver.cpp, line 766]
Event: 10.678 Thread 0x000001f1bc392d60 Exception <a 'java/lang/NoSuchMethodError'{0x00000000ebeb0b10}: 'int java.lang.invoke.DirectMethodHandle$Holder.invokeVirtual(java.lang.Object, java.lang.Object, java.lang.Object)'> (0x00000000ebeb0b10) 
thrown [e:\jenkins\tmp\workspace\build\src\src\hotspot\share\interpreter\linkResolver.cpp, line 766]
Event: 10.988 Thread 0x000001f1bc392d60 Exception <a 'sun/nio/fs/WindowsException'{0x00000000eab87d28}> (0x00000000eab87d28) 
thrown [e:\jenkins\tmp\workspace\build\src\src\hotspot\share\prims\jni.cpp, line 516]
Event: 11.009 Thread 0x000001f1bc392d60 Exception <a 'sun/nio/fs/WindowsException'{0x00000000eab97aa8}> (0x00000000eab97aa8) 
thrown [e:\jenkins\tmp\workspace\build\src\src\hotspot\share\prims\jni.cpp, line 516]
Event: 11.034 Thread 0x000001f1bc392d60 Exception <a 'java/io/FileNotFoundException'{0x00000000eabc6090}> (0x00000000eabc6090) 
thrown [e:\jenkins\tmp\workspace\build\src\src\hotspot\share\prims\jni.cpp, line 516]
Event: 11.035 Thread 0x000001f1bc392d60 Exception <a 'java/io/FileNotFoundException'{0x00000000eabc72b0}> (0x00000000eabc72b0) 
thrown [e:\jenkins\tmp\workspace\build\src\src\hotspot\share\prims\jni.cpp, line 516]
Event: 11.092 Thread 0x000001f1bc393700 Exception <a 'java/io/FileNotFoundException'{0x00000000eacdb6e8}> (0x00000000eacdb6e8) 
thrown [e:\jenkins\tmp\workspace\build\src\src\hotspot\share\prims\jni.cpp, line 516]
Event: 11.162 Thread 0x000001f1bc391a20 Exception <a 'java/lang/NoSuchMethodError'{0x00000000eabeeb98}: 'java.lang.Object java.lang.invoke.DirectMethodHandle$Holder.invokeStatic(java.lang.Object, java.lang.Object, java.lang.Object, long)'> (0x00000000eabeeb98) 
thrown [e:\jenkins\tmp\workspace\build\src\src\hotspot\share\interpreter\linkResolver.cpp, line 766]
Event: 11.163 Thread 0x000001f1bc391a20 Exception <a 'java/lang/NoSuchMethodError'{0x00000000eadaa528}: 'java.lang.Object java.lang.invoke.DirectMethodHandle$Holder.newInvokeSpecial(java.lang.Object, java.lang.Object, java.lang.Object, long)'> (0x00000000eadaa528) 
thrown [e:\jenkins\tmp\workspace\build\src\src\hotspot\share\interpreter\linkResolver.cpp, line 766]
Event: 11.163 Thread 0x000001f1bc391a20 Exception <a 'java/lang/NoSuchMethodError'{0x00000000eadae640}: 'java.lang.Object java.lang.invoke.DirectMethodHandle$Holder.invokeSpecial(java.lang.Object, java.lang.Object, java.lang.Object, java.lang.Object, long)'> (0x00000000eadae640) 
thrown [e:\jenkins\tmp\workspace\build\src\src\hotspot\share\interpreter\linkResolver.cpp, line 766]
Event: 11.164 Thread 0x000001f1bc391a20 Exception <a 'java/lang/NoSuchMethodError'{0x00000000eadb2210}: 'java.lang.Object java.lang.invoke.Invokers$Holder.linkToTargetMethod(java.lang.Object, java.lang.Object, long, java.lang.Object)'> (0x00000000eadb2210) 
thrown [e:\jenkins\tmp\workspace\build\src\src\hotspot\share\interpreter\linkResolver.cpp, line 766]
Event: 11.378 Thread 0x000001f1bc394a40 Exception <a 'java/lang/NoSuchMethodError'{0x00000000eb0651a0}: 'int java.lang.invoke.DirectMethodHandle$Holder.invokeSpecial(java.lang.Object, java.lang.Object, java.lang.Object)'> (0x00000000eb0651a0) 
thrown [e:\jenkins\tmp\workspace\build\src\src\hotspot\share\interpreter\linkResolver.cpp, line 766]
Event: 11.393 Thread 0x000001f1bc394a40 Exception <a 'java/lang/NoSuchMethodError'{0x00000000eb092c10}: 'int java.lang.invoke.DirectMethodHandle$Holder.invokeStatic(java.lang.Object, java.lang.Object, java.lang.Object, int)'> (0x00000000eb092c10) 
thrown [e:\jenkins\tmp\workspace\build\src\src\hotspot\share\interpreter\linkResolver.cpp, line 766]
Event: 11.464 Thread 0x000001f1bc394a40 Exception <a 'java/io/FileNotFoundException'{0x00000000eb1b3728}> (0x00000000eb1b3728) 
thrown [e:\jenkins\tmp\workspace\build\src\src\hotspot\share\prims\jni.cpp, line 516]
Event: 11.917 Thread 0x000001f1bc3923c0 Exception <a 'java/lang/NoSuchMethodError'{0x00000000eab725b0}: 'java.lang.Object java.lang.invoke.DirectMethodHandle$Holder.newInvokeSpecial(java.lang.Object, java.lang.Object, java.lang.Object, int, java.lang.Object)'> (0x00000000eab725b0) 
thrown [e:\jenkins\tmp\workspace\build\src\src\hotspot\share\interpreter\linkResolver.cpp, line 766]
Event: 11.919 Thread 0x000001f1bc3923c0 Exception <a 'java/lang/NoSuchMethodError'{0x00000000eab764b8}: 'java.lang.Object java.lang.invoke.DirectMethodHandle$Holder.invokeSpecial(java.lang.Object, java.lang.Object, java.lang.Object, java.lang.Object, int, java.lang.Object)'> (0x00000000eab764b8) 
thrown [e:\jenkins\tmp\workspace\build\src\src\hotspot\share\interpreter\linkResolver.cpp, line 766]
Event: 11.946 Thread 0x000001f1bc3923c0 Exception <a 'java/lang/NoSuchMethodError'{0x00000000eb7698f8}: 'java.lang.Object java.lang.invoke.DirectMethodHandle$Holder.invokeStatic(java.lang.Object, java.lang.Object, int, java.lang.Object)'> (0x00000000eb7698f8) 
thrown [e:\jenkins\tmp\workspace\build\src\src\hotspot\share\interpreter\linkResolver.cpp, line 766]
Event: 11.950 Thread 0x000001f1bc3923c0 Exception <a 'java/lang/NoSuchMethodError'{0x00000000eb770b30}: 'java.lang.Object java.lang.invoke.DirectMethodHandle$Holder.newInvokeSpecial(java.lang.Object, java.lang.Object, int)'> (0x00000000eb770b30) 
thrown [e:\jenkins\tmp\workspace\build\src\src\hotspot\share\interpreter\linkResolver.cpp, line 766]

VM Operations (20 events):
Event: 10.935 Executing VM operation: ParallelGCFailedAllocation
Event: 10.941 Executing VM operation: ParallelGCFailedAllocation done
Event: 11.114 Executing VM operation: HandshakeAllThreads
Event: 11.114 Executing VM operation: HandshakeAllThreads done
Event: 11.117 Executing VM operation: HandshakeAllThreads
Event: 11.117 Executing VM operation: HandshakeAllThreads done
Event: 11.117 Executing VM operation: HandshakeAllThreads
Event: 11.119 Executing VM operation: HandshakeAllThreads done
Event: 11.210 Executing VM operation: HandshakeAllThreads
Event: 11.258 Executing VM operation: HandshakeAllThreads done
Event: 11.285 Executing VM operation: HandshakeAllThreads
Event: 11.290 Executing VM operation: HandshakeAllThreads done
Event: 11.416 Executing VM operation: HandshakeAllThreads
Event: 11.416 Executing VM operation: HandshakeAllThreads done
Event: 11.426 Executing VM operation: ICBufferFull
Event: 11.426 Executing VM operation: ICBufferFull done
Event: 12.021 Executing VM operation: HandshakeAllThreads
Event: 12.021 Executing VM operation: HandshakeAllThreads done
Event: 12.023 Executing VM operation: HandshakeAllThreads
Event: 12.023 Executing VM operation: HandshakeAllThreads done

Events (20 events):
Event: 11.297 Thread 0x000001f1b9f7a9d0 flushing nmethod 0x000001f1a9be8d90
Event: 11.297 Thread 0x000001f1b9f7a9d0 flushing nmethod 0x000001f1a9c81390
Event: 11.297 Thread 0x000001f1b9f7a9d0 flushing nmethod 0x000001f1a9c94590
Event: 11.297 Thread 0x000001f1b9f7a9d0 flushing nmethod 0x000001f1a9c94a90
Event: 11.297 Thread 0x000001f1b9f7a9d0 flushing nmethod 0x000001f1a9cf4290
Event: 11.297 Thread 0x000001f1b9f7a9d0 flushing nmethod 0x000001f1a9d44b90
Event: 11.311 loading class jdk/internal/reflect/UnsafeQualifiedStaticIntegerFieldAccessorImpl
Event: 11.311 loading class jdk/internal/reflect/UnsafeQualifiedStaticIntegerFieldAccessorImpl done
Event: 11.504 loading class java/util/concurrent/ForkJoinTask$AdaptedCallable
Event: 11.504 loading class java/util/concurrent/ForkJoinTask$AdaptedCallable done
Event: 11.508 Thread 0x000001f1bc391080 Thread added: 0x000001f1bc391080
Event: 11.508 loading class java/util/concurrent/CountedCompleter
Event: 11.508 loading class java/util/concurrent/CountedCompleter done
Event: 11.534 Thread 0x000001f1bc393230 Thread added: 0x000001f1bc393230
Event: 11.936 loading class java/util/concurrent/ConcurrentHashMap$TreeBin
Event: 11.937 loading class java/util/concurrent/ConcurrentHashMap$TreeBin done
Event: 12.028 loading class java/util/Collections$SynchronizedRandomAccessList
Event: 12.028 loading class java/util/Collections$SynchronizedList
Event: 12.028 loading class java/util/Collections$SynchronizedList done
Event: 12.028 loading class java/util/Collections$SynchronizedRandomAccessList done


Dynamic libraries:
0x00007ff71a410000 - 0x00007ff71a41e000 	c:\Users\ronal\.vscode\extensions\redhat.java-1.5.0-win32-x64\jre\17.0.2-win32-x86_64\bin\java.exe
0x00007ffa0fbf0000 - 0x00007ffa0fde5000 	C:\WINDOWS\SYSTEM32\ntdll.dll
0x00007ff9ec9e0000 - 0x00007ff9ec9f6000 	C:\Program Files\AVG\Antivirus\aswhook.dll
0x00007ffa0e860000 - 0x00007ffa0e91e000 	C:\WINDOWS\System32\KERNEL32.DLL
0x00007ffa0d470000 - 0x00007ffa0d738000 	C:\WINDOWS\System32\KERNELBASE.dll
0x00007ffa0d7b0000 - 0x00007ffa0d8b0000 	C:\WINDOWS\System32\ucrtbase.dll
0x00007ffa0ae10000 - 0x00007ffa0ae28000 	c:\Users\ronal\.vscode\extensions\redhat.java-1.5.0-win32-x64\jre\17.0.2-win32-x86_64\bin\jli.dll
0x00007ffa0e510000 - 0x00007ffa0e6b0000 	C:\WINDOWS\System32\USER32.dll
0x00007ffa0d9c0000 - 0x00007ffa0d9e2000 	C:\WINDOWS\System32\win32u.dll
0x00007ffa0e7d0000 - 0x00007ffa0e7fa000 	C:\WINDOWS\System32\GDI32.dll
0x00007ffa0d8b0000 - 0x00007ffa0d9bb000 	C:\WINDOWS\System32\gdi32full.dll
0x00007ffa0dad0000 - 0x00007ffa0db6d000 	C:\WINDOWS\System32\msvcp_win.dll
0x00007ffa02b30000 - 0x00007ffa02b49000 	c:\Users\ronal\.vscode\extensions\redhat.java-1.5.0-win32-x64\jre\17.0.2-win32-x86_64\bin\VCRUNTIME140.dll
0x00007ffa0c9d0000 - 0x00007ffa0cc6a000 	C:\WINDOWS\WinSxS\amd64_microsoft.windows.common-controls_6595b64144ccf1df_6.0.19041.1110_none_60b5254171f9507e\COMCTL32.dll
0x00007ffa0f7b0000 - 0x00007ffa0f84e000 	C:\WINDOWS\System32\msvcrt.dll
0x00007ffa0ea50000 - 0x00007ffa0ea80000 	C:\WINDOWS\System32\IMM32.DLL
0x00007ffa0b000000 - 0x00007ffa0b00c000 	c:\Users\ronal\.vscode\extensions\redhat.java-1.5.0-win32-x64\jre\17.0.2-win32-x86_64\bin\vcruntime140_1.dll
0x00007ff9f33d0000 - 0x00007ff9f3461000 	c:\Users\ronal\.vscode\extensions\redhat.java-1.5.0-win32-x64\jre\17.0.2-win32-x86_64\bin\msvcp140.dll
0x00007ff97be60000 - 0x00007ff97caa7000 	c:\Users\ronal\.vscode\extensions\redhat.java-1.5.0-win32-x64\jre\17.0.2-win32-x86_64\bin\server\jvm.dll
0x00007ffa0eaf0000 - 0x00007ffa0eb9e000 	C:\WINDOWS\System32\ADVAPI32.dll
0x00007ffa0f690000 - 0x00007ffa0f72c000 	C:\WINDOWS\System32\sechost.dll
0x00007ffa0e920000 - 0x00007ffa0ea45000 	C:\WINDOWS\System32\RPCRT4.dll
0x00007ffa0f210000 - 0x00007ffa0f218000 	C:\WINDOWS\System32\PSAPI.DLL
0x00007ff9fab20000 - 0x00007ff9fab29000 	C:\WINDOWS\SYSTEM32\WSOCK32.dll
0x00007ffa0ea80000 - 0x00007ffa0eaeb000 	C:\WINDOWS\System32\WS2_32.dll
0x00007ff9fe270000 - 0x00007ff9fe297000 	C:\WINDOWS\SYSTEM32\WINMM.dll
0x00007ffa02fa0000 - 0x00007ffa02faa000 	C:\WINDOWS\SYSTEM32\VERSION.dll
0x00007ffa0a410000 - 0x00007ffa0a422000 	C:\WINDOWS\SYSTEM32\kernel.appcore.dll
0x00007ffa0aec0000 - 0x00007ffa0aeca000 	c:\Users\ronal\.vscode\extensions\redhat.java-1.5.0-win32-x64\jre\17.0.2-win32-x86_64\bin\jimage.dll
0x00007ffa0ccc0000 - 0x00007ffa0cea4000 	C:\WINDOWS\SYSTEM32\DBGHELP.DLL
0x00007ffa0cc90000 - 0x00007ffa0ccbc000 	C:\WINDOWS\SYSTEM32\dbgcore.DLL
0x00007ffa0da40000 - 0x00007ffa0dac2000 	C:\WINDOWS\System32\bcryptPrimitives.dll
0x00007ff9f38d0000 - 0x00007ff9f38f5000 	c:\Users\ronal\.vscode\extensions\redhat.java-1.5.0-win32-x64\jre\17.0.2-win32-x86_64\bin\java.dll
0x00007ffa02950000 - 0x00007ffa02968000 	c:\Users\ronal\.vscode\extensions\redhat.java-1.5.0-win32-x64\jre\17.0.2-win32-x86_64\bin\zip.dll
0x00007ffa0dcb0000 - 0x00007ffa0e3f4000 	C:\WINDOWS\System32\SHELL32.dll
0x00007ffa0a650000 - 0x00007ffa0ade4000 	C:\WINDOWS\SYSTEM32\windows.storage.dll
0x00007ffa0f850000 - 0x00007ffa0fba4000 	C:\WINDOWS\System32\combase.dll
0x00007ffa0c770000 - 0x00007ffa0c79c000 	C:\WINDOWS\SYSTEM32\Wldp.dll
0x00007ffa0e720000 - 0x00007ffa0e7cd000 	C:\WINDOWS\System32\SHCORE.dll
0x00007ffa0e6b0000 - 0x00007ffa0e705000 	C:\WINDOWS\System32\shlwapi.dll
0x00007ffa0d250000 - 0x00007ffa0d26f000 	C:\WINDOWS\SYSTEM32\profapi.dll
0x00007ff9f8cd0000 - 0x00007ff9f8ce9000 	C:\Users\ronal\.vscode\extensions\redhat.java-1.5.0-win32-x64\jre\17.0.2-win32-x86_64\bin\net.dll
0x00007ff9fb580000 - 0x00007ff9fb68a000 	C:\WINDOWS\SYSTEM32\WINHTTP.dll
0x00007ffa0c3a0000 - 0x00007ffa0c40a000 	C:\WINDOWS\system32\mswsock.dll
0x00007ff9f7720000 - 0x00007ff9f7735000 	C:\Users\ronal\.vscode\extensions\redhat.java-1.5.0-win32-x64\jre\17.0.2-win32-x86_64\bin\nio.dll
0x00007ffa0d0a0000 - 0x00007ffa0d0b8000 	C:\WINDOWS\SYSTEM32\CRYPTSP.dll
0x00007ffa0bcf0000 - 0x00007ffa0bd24000 	C:\WINDOWS\system32\rsaenh.dll
0x00007ffa0dc20000 - 0x00007ffa0dc47000 	C:\WINDOWS\System32\bcrypt.dll
0x00007ffa0d210000 - 0x00007ffa0d23e000 	C:\WINDOWS\SYSTEM32\USERENV.dll
0x00007ffa0c5c0000 - 0x00007ffa0c5cc000 	C:\WINDOWS\SYSTEM32\CRYPTBASE.dll
0x00007ffa0c040000 - 0x00007ffa0c07b000 	C:\WINDOWS\SYSTEM32\IPHLPAPI.DLL
0x00007ffa0ed50000 - 0x00007ffa0ed58000 	C:\WINDOWS\System32\NSI.dll
0x00007ffa010f0000 - 0x00007ffa01107000 	C:\WINDOWS\SYSTEM32\dhcpcsvc6.DLL
0x00007ffa02d40000 - 0x00007ffa02d5d000 	C:\WINDOWS\SYSTEM32\dhcpcsvc.DLL
0x00007ffa0c080000 - 0x00007ffa0c14b000 	C:\WINDOWS\SYSTEM32\DNSAPI.dll
0x00007ff9f2ff0000 - 0x00007ff9f302e000 	C:\Users\ronal\AppData\Roaming\Code\User\globalStorage\redhat.java\1.5.0\config_win\org.eclipse.equinox.launcher\org.eclipse.equinox.launcher.win32.win32.x86_64_1.2.400.v20211117-0650\eclipse_11602.dll
0x00007ffa0ed60000 - 0x00007ffa0ee8a000 	C:\WINDOWS\System32\ole32.dll
0x00007ffa08110000 - 0x00007ffa08120000 	c:\Users\ronal\.vscode\extensions\redhat.java-1.5.0-win32-x64\jre\17.0.2-win32-x86_64\bin\verify.dll
0x00007ff9f2c90000 - 0x00007ff9f2cd4000 	C:\Users\ronal\AppData\Local\Temp\jna-108697020\jna17103890646472336186.dll

dbghelp: loaded successfully - version: 4.0.5 - missing functions: none
symbol engine: initialized successfully - sym options: 0x614 - pdb path: .;c:\Users\ronal\.vscode\extensions\redhat.java-1.5.0-win32-x64\jre\17.0.2-win32-x86_64\bin;C:\WINDOWS\SYSTEM32;C:\Program Files\AVG\Antivirus;C:\WINDOWS\WinSxS\amd64_microsoft.windows.common-controls_6595b64144ccf1df_6.0.19041.1110_none_60b5254171f9507e;c:\Users\ronal\.vscode\extensions\redhat.java-1.5.0-win32-x64\jre\17.0.2-win32-x86_64\bin\server;C:\Users\ronal\AppData\Roaming\Code\User\globalStorage\redhat.java\1.5.0\config_win\org.eclipse.equinox.launcher\org.eclipse.equinox.launcher.win32.win32.x86_64_1.2.400.v20211117-0650;C:\Users\ronal\AppData\Local\Temp\jna-108697020

VM Arguments:
jvm_args: --add-modules=ALL-SYSTEM --add-opens=java.base/java.util=ALL-UNNAMED --add-opens=java.base/java.lang=ALL-UNNAMED --add-opens=java.base/sun.nio.fs=ALL-UNNAMED -Declipse.application=org.eclipse.jdt.ls.core.id1 -Dosgi.bundles.defaultStartLevel=4 -Declipse.product=org.eclipse.jdt.ls.core.product -Djava.import.generatesMetadataFilesAtProjectRoot=false -Dfile.encoding=utf8 -DwatchParentProcess=false -XX:+UseParallelGC -XX:GCTimeRatio=4 -XX:AdaptiveSizePolicyWeight=90 -Dsun.zip.disableMemoryMapping=true -Xmx1G -Xms100m -XX:+HeapDumpOnOutOfMemoryError -XX:HeapDumpPath=c:\Users\ronal\AppData\Roaming\Code\User\workspaceStorage\25419cacc320adb93700075217b1c462\redhat.java 
java_command: c:\Users\ronal\.vscode\extensions\redhat.java-1.5.0-win32-x64\server\plugins\org.eclipse.equinox.launcher_1.6.400.v20210924-0641.jar -configuration c:\Users\ronal\AppData\Roaming\Code\User\globalStorage\redhat.java\1.5.0\config_win -data c:\Users\ronal\AppData\Roaming\Code\User\workspaceStorage\25419cacc320adb93700075217b1c462\redhat.java\jdt_ws
java_class_path (initial): c:\Users\ronal\.vscode\extensions\redhat.java-1.5.0-win32-x64\server\plugins\org.eclipse.equinox.launcher_1.6.400.v20210924-0641.jar
Launcher Type: SUN_STANDARD

[Global flags]
    uintx AdaptiveSizePolicyWeight                 = 90                                        {product} {command line}
     intx CICompilerCount                          = 3                                         {product} {ergonomic}
    uintx GCTimeRatio                              = 4                                         {product} {command line}
     bool HeapDumpOnOutOfMemoryError               = true                                   {manageable} {command line}
    ccstr HeapDumpPath                             = c:\Users\ronal\AppData\Roaming\Code\User\workspaceStorage\25419cacc320adb93700075217b1c462\redhat.java         {manageable} {command line}
   size_t InitialHeapSize                          = 104857600                                 {product} {command line}
   size_t MaxHeapSize                              = 1073741824                                {product} {command line}
   size_t MaxNewSize                               = 357564416                                 {product} {ergonomic}
   size_t MinHeapDeltaBytes                        = 524288                                    {product} {ergonomic}
   size_t MinHeapSize                              = 104857600                                 {product} {command line}
   size_t NewSize                                  = 34603008                                  {product} {ergonomic}
    uintx NonNMethodCodeHeapSize                   = 5832780                                {pd product} {ergonomic}
    uintx NonProfiledCodeHeapSize                  = 122912730                              {pd product} {ergonomic}
   size_t OldSize                                  = 70254592                                  {product} {ergonomic}
    uintx ProfiledCodeHeapSize                     = 122912730                              {pd product} {ergonomic}
    uintx ReservedCodeCacheSize                    = 251658240                              {pd product} {ergonomic}
     bool SegmentedCodeCache                       = true                                      {product} {ergonomic}
   size_t SoftMaxHeapSize                          = 1073741824                             {manageable} {ergonomic}
     bool UseCompressedClassPointers               = true                           {product lp64_product} {ergonomic}
     bool UseCompressedOops                        = true                           {product lp64_product} {ergonomic}
     bool UseLargePagesIndividualAllocation        = false                                  {pd product} {ergonomic}
     bool UseParallelGC                            = true                                      {product} {command line}

Logging:
Log output configuration:
 #0: stdout all=warning uptime,level,tags
 #1: stderr all=off uptime,level,tags

Environment Variables:
JAVA_HOME=g:\JDK\OpenJDK\jdk-11.0.15
PATH=C:\Program Files\Common Files\Oracle\Java\javapath;C:\Program Files (x86)\Microsoft SDKs\Azure\CLI2\wbin;C:\Program Files (x86)\Common Files\Oracle\Java\javapath;C:\OCaml\bin;"C:\Program Files (x86)\Common Files\Oracle\Java\javapath;C:\cygwin\bin";C:\Program Files (x86)\Intel\iCLS Client\;C:\Program Files\Intel\iCLS Client\;C:\Windows\system32;C:\Windows;C:\Windows\System32\Wbem;C:\Windows\System32\WindowsPowerShell\v1.0\;C:\Program Files (x86)\NVIDIA Corporation\PhysX\Common;C:\Program Files (x86)\Intel\Intel(R) Management Engine Components\DAL;C:\Program Files\Intel\Intel(R) Management Engine Components\DAL;C:\Program Files (x86)\Intel\Intel(R) Management Engine Components\IPT;C:\Program Files\Intel\Intel(R) Management Engine Components\IPT;C:\WINDOWS\system32;C:\WINDOWS;C:\WINDOWS\System32\Wbem;C:\WINDOWS\System32\WindowsPowerShell\v1.0\;C:\WINDOWS\System32\OpenSSH\;C:\Program Files\dotnet\;C:\Users\ronal\Desktop\apache-maven-3.6.3-bin\apache-maven-3.6.3\bin;C:\Users\ronal\Desktop\sqldeveloper\jdk\jre\bin;C:\Program Files (x86)\Microsoft SQL Server\150\DTS\Binn\;C:\Program Files (x86)\Microsoft SQL Server\150\Tools\Binn\;C:\Program Files\Microsoft SQL Server\150\Tools\Binn\;C:\Program Files\Microsoft SQL Server\150\DTS\Binn\;C:\Program Files\Microsoft SQL Server\Client SDK\ODBC\170\Tools\Binn\;C:\Program Files\nodejs\;C:\Program Files\Java\jdk-13.0.2\bin;C:\Users\ronal\Downloads\jasmin-2.4\jasmin-2.4\jasmin.jar;C:\Users\ronal\AppData\Roaming\npm\node_modules\http-server\bin\http-serverC:\Users\ronal\AppData\Roaming\npm\node_modules\http-server\bin\http-server;C:\Users\ronal\Desktop\WorkspaceICL\javacc\javacc\scripts;C:\Program Files\Git\cmd;C:\Program Files\TortoiseGit\bin;C:\Program Files (x86)\Windows Kits\10\Windows Performance Toolkit\;C:\Program Files\Microsoft SQL Server\130\Tools\Binn\;C:\Program Files\Intel\WiFi\bin\;C:\Program Files\Common Files\Intel\WirelessCommon\;C:\Program Files\Docker\Docker\resources\bin;C:\ProgramData\DockerDesktop\version-bin;
USERNAME=ronal
OS=Windows_NT
PROCESSOR_IDENTIFIER=Intel64 Family 6 Model 142 Stepping 9, GenuineIntel



---------------  S Y S T E M  ---------------

OS:
 Windows 10 , 64 bit Build 19041 (10.0.19041.1645)
OS uptime: 0 days 16:45 hours
Hyper-V role detected

CPU: total 4 (initial active 4) (2 cores per cpu, 2 threads per core) family 6 model 142 stepping 9 microcode 0xb4, cx8, cmov, fxsr, ht, mmx, 3dnowpref, sse, sse2, sse3, ssse3, sse4.1, sse4.2, popcnt, lzcnt, tsc, tscinvbit, avx, avx2, aes, erms, clmul, bmi1, bmi2, adx, fma, vzeroupper, clflush, clflushopt, hv

Memory: 4k page, system-wide physical 8077M (629M free)
TotalPageFile size 23166M (AvailPageFile size 1M)
current process WorkingSet (physical memory assigned to process): 241M, peak: 249M
current process commit charge ("private bytes"): 311M, peak: 320M

vm_info: OpenJDK 64-Bit Server VM (17.0.2+8) for windows-amd64 JRE (17.0.2+8), built on Jan 20 2022 04:52:34 by "" with MS VC++ 16.7 (VS2019)

END.
